=== Backup started at 2026-06-28T22:38:21Z ===
warning: adding embedded git repository: mcps/doordash
hint: You've added another git repository inside your current repository.
hint: Clones of the outer repository will not contain the contents of
hint: the embedded repository and will not know how to obtain it.
hint: If you meant to add a submodule, use:
hint: 
hint: 	git submodule add <url> mcps/doordash
hint: 
hint: If you added this path by mistake, you can remove it from the
hint: index with:
hint: 
hint: 	git rm --cached mcps/doordash
hint: 
hint: See "git help submodule" for more information.
warning: adding embedded git repository: mcps/lyft
warning: adding embedded git repository: mcps/rideshare
warning: adding embedded git repository: mcps/uber
[main 723e91c] Daily backup: 2026-06-28
 5 files changed, 5 insertions(+)
 create mode 100644 backups/backup.log
 create mode 160000 mcps/doordash
 create mode 160000 mcps/lyft
 create mode 160000 mcps/rideshare
 create mode 160000 mcps/uber
error: src refspec master does not match any
error: failed to push some refs to 'https://github.com/bkhjr1297/ai-holding-company.git'
=== Backup started at 2026-06-28T22:38:32Z ===
